{"numFailedTestSuites":0,"numFailedTests":0,"numPassedTestSuites":3,"numPassedTests":10,"numPendingTestSuites":0,"numPendingTests":0,"numRuntimeErrorTestSuites":0,"numTodoTests":0,"numTotalTestSuites":3,"numTotalTests":10,"openHandles":[],"snapshot":{"added":0,"didUpdate":false,"failure":false,"filesAdded":0,"filesRemoved":0,"filesRemovedList":[],"filesUnmatched":0,"filesUpdated":0,"matched":0,"total":0,"unchecked":0,"uncheckedKeysByFile":[],"unmatched":0,"updated":0},"startTime":1753333403859,"success":true,"testResults":[{"assertionResults":[{"ancestorTitles":["SlotList"],"failureMessages":[],"fullName":"SlotList renders available parking slots and filter","location":null,"status":"passed","title":"renders available parking slots and filter"},{"ancestorTitles":["SlotList"],"failureMessages":[],"fullName":"SlotList calls onSelect when Book is clicked","location":null,"status":"passed","title":"calls onSelect when Book is clicked"},{"ancestorTitles":["SlotList"],"failureMessages":[],"fullName":"SlotList shows error message on API error","location":null,"status":"passed","title":"shows error message on API error"}],"endTime":1753333407157,"message":"","name":"/home/coder/project/workspace/question_generation_service/solutions/f9d088b3-cb5e-41fc-a6a2-c33a7788937c/reactapp/src/components/SlotList.test.js","startTime":1753333404916,"status":"passed","summary":""},{"assertionResults":[{"ancestorTitles":["BookingForm"],"failureMessages":[],"fullName":"BookingForm form validation and cost calc","location":null,"status":"passed","title":"form validation and cost calc"},{"ancestorTitles":["BookingForm"],"failureMessages":[],"fullName":"BookingForm shows and calculates cost","location":null,"status":"passed","title":"shows and calculates cost"},{"ancestorTitles":["BookingForm"],"failureMessages":[],"fullName":"BookingForm calls API and onBooked on success","location":null,"status":"passed","title":"calls API and onBooked on success"},{"ancestorTitles":["BookingForm"],"failureMessages":[],"fullName":"BookingForm shows API error on booking fail","location":null,"status":"passed","title":"shows API error on booking fail"}],"endTime":1753333407161,"message":"","name":"/home/coder/project/workspace/question_generation_service/solutions/f9d088b3-cb5e-41fc-a6a2-c33a7788937c/reactapp/src/components/BookingForm.test.js","startTime":1753333404882,"status":"passed","summary":""},{"assertionResults":[{"ancestorTitles":["UserBookings"],"failureMessages":[],"fullName":"UserBookings renders bookings and sorted, shows cancel for Confirmed","location":null,"status":"passed","title":"renders bookings and sorted, shows cancel for Confirmed"},{"ancestorTitles":["UserBookings"],"failureMessages":[],"fullName":"UserBookings calls API and refreshes on cancel","location":null,"status":"passed","title":"calls API and refreshes on cancel"},{"ancestorTitles":["UserBookings"],"failureMessages":[],"fullName":"UserBookings shows error on booking/cancel API error","location":null,"status":"passed","title":"shows error on booking/cancel API error"}],"endTime":1753333407163,"message":"","name":"/home/coder/project/workspace/question_generation_service/solutions/f9d088b3-cb5e-41fc-a6a2-c33a7788937c/reactapp/src/components/UserBookings.test.js","startTime":1753333404866,"status":"passed","summary":""}],"wasInterrupted":false}